[dotenv@17.2.3] injecting env (1) from .env -- tip: âš™ï¸  suppress all logs with { quiet: true }
[dotenv@17.2.3] injecting env (0) from .env -- tip: âœ… audit secrets and track compliance: https://dotenvx.com/ops

Running 6 tests using 6 workers

[dotenv@17.2.3] injecting env (0) from .env -- tip: âš™ï¸  override existing env vars with { override: true }
[dotenv@17.2.3] injecting env (0) from .env -- tip: ðŸ”‘ add access controls to secrets: https://dotenvx.com/ops
[dotenv@17.2.3] injecting env (0) from .env -- tip: âš™ï¸  load multiple .env files with { path: ['.env.local', '.env'] }
[dotenv@17.2.3] injecting env (0) from .env -- tip: ðŸ”„ add secrets lifecycle management: https://dotenvx.com/ops
[dotenv@17.2.3] injecting env (0) from .env -- tip: ðŸ› ï¸  run anywhere with `dotenvx run -- yourcommand`
[dotenv@17.2.3] injecting env (0) from .env -- tip: ðŸ—‚ï¸ backup and recover secrets: https://dotenvx.com/ops
[dotenv@17.2.3] injecting env (0) from .env -- tip: ðŸ—‚ï¸ backup and recover secrets: https://dotenvx.com/ops
[dotenv@17.2.3] injecting env (0) from .env -- tip: âš™ï¸  override existing env vars with { override: true }
[dotenv@17.2.3] injecting env (0) from .env -- tip: âš™ï¸  specify custom .env file path with { path: '/custom/path/.env' }
[dotenv@17.2.3] injecting env (0) from .env -- tip: ðŸ” encrypt with Dotenvx: https://dotenvx.com
[dotenv@17.2.3] injecting env (0) from .env -- tip: âš™ï¸  enable debug logging with { debug: true }
--- API POST /tasks FAILED ---
Status: 400
Body: {"message":"Task already exists!"}
Payload sent: {"name":"Compra Ketchup","is_done":false}
--- API POST /tasks FAILED ---
Status: 400
Body: {"message":"Task already exists!"}
Payload sent: {"name":"Pagar a fatura do cartÃ£o de crÃ©dito","is_done":false}
  âœ˜  4 [chromium] â€º tests\tasks.spec.ts:62:9 â€º cadastro â€º nÃ£o deve permitir tarefa duplicada (359ms)
  âœ˜  6 [chromium] â€º tests\tasks.spec.ts:94:9 â€º atualizaÃ§Ã£o â€º deve concluir uma tarefa (331ms)
  âœ“  1 [chromium] â€º tests\home.spec.ts:3:5 â€º webapp deve estar online (704ms)
  âœ“  3 [chromium] â€º tests\tasks.spec.ts:77:9 â€º cadastro â€º Campo Obrigatorio (641ms)
  âœ“  2 [chromium] â€º tests\tasks.spec.ts:41:9 â€º cadastro â€º deve poder cadastrar uma nova tarefa (773ms)
  âœ“  5 [chromium] â€º tests\tasks.spec.ts:110:9 â€º exclusÃ£o â€º deve excluir uma tarefa (770ms)


  1) [chromium] â€º tests\tasks.spec.ts:62:9 â€º cadastro â€º nÃ£o deve permitir tarefa duplicada â”€â”€â”€â”€â”€â”€â”€â”€â”€

    Error: [2mexpect([22m[31mreceived[39m[2m).[22mtoBeTruthy[2m()[22m

    Received: [31mfalse[39m

       at support\helpers.ts:25

      23 |   }
      24 |
    > 25 |   expect(newTask.ok()).toBeTruthy();
         |                        ^
      26 |   return newTask;
      27 | }
      28 |
        at postTask (C:\git\QAe2e\playwright-mark\tests\support\helpers.ts:25:24)
        at C:\git\QAe2e\playwright-mark\tests\tasks.spec.ts:67:9

    attachment #1: screenshot (image/png) â”€â”€â”€â”€â”€â”€â”€â”€â”€â”€â”€â”€â”€â”€â”€â”€â”€â”€â”€â”€â”€â”€â”€â”€â”€â”€â”€â”€â”€â”€â”€â”€â”€â”€â”€â”€â”€â”€â”€â”€â”€â”€â”€â”€â”€â”€â”€â”€â”€â”€â”€â”€â”€â”€â”€â”€â”€â”€
    test-results\tasks-cadastro-nÃ£o-deve-permitir-tarefa-duplicada-chromium\test-failed-1.png
    â”€â”€â”€â”€â”€â”€â”€â”€â”€â”€â”€â”€â”€â”€â”€â”€â”€â”€â”€â”€â”€â”€â”€â”€â”€â”€â”€â”€â”€â”€â”€â”€â”€â”€â”€â”€â”€â”€â”€â”€â”€â”€â”€â”€â”€â”€â”€â”€â”€â”€â”€â”€â”€â”€â”€â”€â”€â”€â”€â”€â”€â”€â”€â”€â”€â”€â”€â”€â”€â”€â”€â”€â”€â”€â”€â”€â”€â”€â”€â”€â”€â”€â”€â”€â”€â”€â”€â”€â”€â”€â”€â”€â”€â”€â”€â”€

  2) [chromium] â€º tests\tasks.spec.ts:94:9 â€º atualizaÃ§Ã£o â€º deve concluir uma tarefa â”€â”€â”€â”€â”€â”€â”€â”€â”€â”€â”€â”€â”€â”€â”€â”€

    Error: [2mexpect([22m[31mreceived[39m[2m).[22mtoBeTruthy[2m()[22m

    Received: [31mfalse[39m

       at support\helpers.ts:25

      23 |   }
      24 |
    > 25 |   expect(newTask.ok()).toBeTruthy();
         |                        ^
      26 |   return newTask;
      27 | }
      28 |
        at postTask (C:\git\QAe2e\playwright-mark\tests\support\helpers.ts:25:24)
        at C:\git\QAe2e\playwright-mark\tests\tasks.spec.ts:98:5

    attachment #1: screenshot (image/png) â”€â”€â”€â”€â”€â”€â”€â”€â”€â”€â”€â”€â”€â”€â”€â”€â”€â”€â”€â”€â”€â”€â”€â”€â”€â”€â”€â”€â”€â”€â”€â”€â”€â”€â”€â”€â”€â”€â”€â”€â”€â”€â”€â”€â”€â”€â”€â”€â”€â”€â”€â”€â”€â”€â”€â”€â”€â”€
    test-results\tasks-atualizaÃ§Ã£o-deve-concluir-uma-tarefa-chromium\test-failed-1.png
    â”€â”€â”€â”€â”€â”€â”€â”€â”€â”€â”€â”€â”€â”€â”€â”€â”€â”€â”€â”€â”€â”€â”€â”€â”€â”€â”€â”€â”€â”€â”€â”€â”€â”€â”€â”€â”€â”€â”€â”€â”€â”€â”€â”€â”€â”€â”€â”€â”€â”€â”€â”€â”€â”€â”€â”€â”€â”€â”€â”€â”€â”€â”€â”€â”€â”€â”€â”€â”€â”€â”€â”€â”€â”€â”€â”€â”€â”€â”€â”€â”€â”€â”€â”€â”€â”€â”€â”€â”€â”€â”€â”€â”€â”€â”€â”€

  2 failed
    [chromium] â€º tests\tasks.spec.ts:62:9 â€º cadastro â€º nÃ£o deve permitir tarefa duplicada â”€â”€â”€â”€â”€â”€â”€â”€â”€â”€
    [chromium] â€º tests\tasks.spec.ts:94:9 â€º atualizaÃ§Ã£o â€º deve concluir uma tarefa â”€â”€â”€â”€â”€â”€â”€â”€â”€â”€â”€â”€â”€â”€â”€â”€â”€
  4 passed (1.9s)
